************************************************************
*                                                          *
*                     W E L C O M E to                     *
*              M A D G R A P H 5 _ a M C @ N L O           *
*                                                          *
*                                                          *
*                 *                       *                *
*                   *        * *        *                  *
*                     * * * * 5 * * * *                    *
*                   *        * *        *                  *
*                 *                       *                *
*                                                          *
*         VERSION 2.7.3                 2020-06-21         *
*                                                          *
*    The MadGraph5_aMC@NLO Development Team - Find us at   *
*    https://server06.fynu.ucl.ac.be/projects/madgraph     *
*                            and                           *
*            http://amcatnlo.web.cern.ch/amcatnlo/         *
*                                                          *
*               Type 'help' for in-line help.              *
*           Type 'tutorial' to learn how MG5 works         *
*    Type 'tutorial aMCatNLO' to learn how aMC@NLO works   *
*    Type 'tutorial MadLoop' to learn how MadLoop works    *
*                                                          *
************************************************************
load MG5 configuration from ../../../../../root/MG5_aMC_v2_7_3/input/mg5_configuration.txt 
set collier to /root/MG5_aMC_v2_7_3/HEPTools/collier
set fastjet to /root/FASTJET_3_3_4/bin/fastjet-config
set lhapdf to /root/LHAPDF_6_3_0/bin/lhapdf-config
set ninja to /root/MG5_aMC_v2_7_3/HEPTools/lib
Using default text editor "vi". Set another one in ./input/mg5_configuration.txt
No valid eps viewer found. Please set in ./input/mg5_configuration.txt
No valid web browser found. Please set in ./input/mg5_configuration.txt
import /home/alan/ML_Analysis/Universality_Boosetd_Higgs/Cards/proc_ggHj_650_900.txt
The import format was not given, so we guess it as command
import model HC_NLO_X0_UFO-heft
[1;60mINFO: Please read carefully the README of the model file for instructions/restrictions of the model. [0m
INFO: Restrict model HC_NLO_X0_UFO with file ../../../../../root/MG5_aMC_v2_7_3/models/HC_NLO_X0_UFO/restrict_heft.dat . 
INFO: Run "set stdout_level DEBUG" before import for more information. 
INFO: Change particles name to pass to MG5 convention 
Defined multiparticle p = g u c d s u~ c~ d~ s~
Defined multiparticle j = g u c d s u~ c~ d~ s~
Defined multiparticle l+ = e+ mu+
Defined multiparticle l- = e- mu-
Defined multiparticle vl = ve vm vt
Defined multiparticle vl~ = ve~ vm~ vt~
[1;34mPass the definition of 'j' and 'p' to 5 flavour scheme.[0m
Defined multiparticle all = g gh gh~ d u s c b d~ u~ s~ c~ b~ a ve vm vt e- mu- ve~ vm~ vt~ e+ mu+ t t~ z w+ x0 w- ta- ta+
generate p p > x0 j /t[QCD]
INFO: Generating FKS-subtracted matrix elements for born process: g g > x0 g QNP<=1 [ all = QCD ] / t (1 / 31) 
INFO: Generating FKS-subtracted matrix elements for born process: g u > x0 u QNP<=1 [ all = QCD ] / t (2 / 31) 
INFO: Generating FKS-subtracted matrix elements for born process: g c > x0 c QNP<=1 [ all = QCD ] / t (3 / 31) 
INFO: Generating FKS-subtracted matrix elements for born process: g d > x0 d QNP<=1 [ all = QCD ] / t (4 / 31) 
INFO: Generating FKS-subtracted matrix elements for born process: g s > x0 s QNP<=1 [ all = QCD ] / t (5 / 31) 
INFO: Generating FKS-subtracted matrix elements for born process: g u~ > x0 u~ QNP<=1 [ all = QCD ] / t (6 / 31) 
INFO: Generating FKS-subtracted matrix elements for born process: g c~ > x0 c~ QNP<=1 [ all = QCD ] / t (7 / 31) 
INFO: Generating FKS-subtracted matrix elements for born process: g d~ > x0 d~ QNP<=1 [ all = QCD ] / t (8 / 31) 
INFO: Generating FKS-subtracted matrix elements for born process: g s~ > x0 s~ QNP<=1 [ all = QCD ] / t (9 / 31) 
INFO: Generating FKS-subtracted matrix elements for born process: g b > x0 b QNP<=1 [ all = QCD ] / t (10 / 31) 
INFO: Generating FKS-subtracted matrix elements for born process: g b~ > x0 b~ QNP<=1 [ all = QCD ] / t (11 / 31) 
INFO: Generating FKS-subtracted matrix elements for born process: u g > x0 u QNP<=1 [ all = QCD ] / t (12 / 31) 
INFO: Generating FKS-subtracted matrix elements for born process: u u~ > x0 g QNP<=1 [ all = QCD ] / t (13 / 31) 
INFO: Generating FKS-subtracted matrix elements for born process: c g > x0 c QNP<=1 [ all = QCD ] / t (14 / 31) 
INFO: Generating FKS-subtracted matrix elements for born process: c c~ > x0 g QNP<=1 [ all = QCD ] / t (15 / 31) 
INFO: Generating FKS-subtracted matrix elements for born process: d g > x0 d QNP<=1 [ all = QCD ] / t (16 / 31) 
INFO: Generating FKS-subtracted matrix elements for born process: d d~ > x0 g QNP<=1 [ all = QCD ] / t (17 / 31) 
INFO: Generating FKS-subtracted matrix elements for born process: s g > x0 s QNP<=1 [ all = QCD ] / t (18 / 31) 
INFO: Generating FKS-subtracted matrix elements for born process: s s~ > x0 g QNP<=1 [ all = QCD ] / t (19 / 31) 
INFO: Generating FKS-subtracted matrix elements for born process: u~ g > x0 u~ QNP<=1 [ all = QCD ] / t (20 / 31) 
INFO: Generating FKS-subtracted matrix elements for born process: u~ u > x0 g QNP<=1 [ all = QCD ] / t (21 / 31) 
INFO: Generating FKS-subtracted matrix elements for born process: c~ g > x0 c~ QNP<=1 [ all = QCD ] / t (22 / 31) 
INFO: Generating FKS-subtracted matrix elements for born process: c~ c > x0 g QNP<=1 [ all = QCD ] / t (23 / 31) 
INFO: Generating FKS-subtracted matrix elements for born process: d~ g > x0 d~ QNP<=1 [ all = QCD ] / t (24 / 31) 
INFO: Generating FKS-subtracted matrix elements for born process: d~ d > x0 g QNP<=1 [ all = QCD ] / t (25 / 31) 
INFO: Generating FKS-subtracted matrix elements for born process: s~ g > x0 s~ QNP<=1 [ all = QCD ] / t (26 / 31) 
INFO: Generating FKS-subtracted matrix elements for born process: s~ s > x0 g QNP<=1 [ all = QCD ] / t (27 / 31) 
INFO: Generating FKS-subtracted matrix elements for born process: b g > x0 b QNP<=1 [ all = QCD ] / t (28 / 31) 
INFO: Generating FKS-subtracted matrix elements for born process: b b~ > x0 g QNP<=1 [ all = QCD ] / t (29 / 31) 
INFO: Generating FKS-subtracted matrix elements for born process: b~ g > x0 b~ QNP<=1 [ all = QCD ] / t (30 / 31) 
INFO: Generating FKS-subtracted matrix elements for born process: b~ b > x0 g QNP<=1 [ all = QCD ] / t (31 / 31) 
INFO: Generating virtual matrix elements using MadLoop: 
INFO: Generating virtual matrix element with MadLoop for process: g g > x0 g QCD<=1 QNP<=1 [ all = QCD ] / t (1 / 31) 
INFO: Generating virtual matrix elements using MadLoop: 
INFO: Generating virtual matrix element with MadLoop for process: g u > x0 u QCD<=1 QNP<=1 [ all = QCD ] / t (2 / 31) 
INFO: Generating virtual matrix elements using MadLoop: 
INFO: Generating virtual matrix element with MadLoop for process: g c > x0 c QCD<=1 QNP<=1 [ all = QCD ] / t (3 / 31) 
INFO: Generating virtual matrix elements using MadLoop: 
INFO: Generating virtual matrix element with MadLoop for process: g d > x0 d QCD<=1 QNP<=1 [ all = QCD ] / t (4 / 31) 
INFO: Generating virtual matrix elements using MadLoop: 
INFO: Generating virtual matrix element with MadLoop for process: g s > x0 s QCD<=1 QNP<=1 [ all = QCD ] / t (5 / 31) 
INFO: Generating virtual matrix elements using MadLoop: 
INFO: Generating virtual matrix element with MadLoop for process: g u~ > x0 u~ QCD<=1 QNP<=1 [ all = QCD ] / t (6 / 31) 
INFO: Generating virtual matrix elements using MadLoop: 
INFO: Generating virtual matrix element with MadLoop for process: g c~ > x0 c~ QCD<=1 QNP<=1 [ all = QCD ] / t (7 / 31) 
INFO: Generating virtual matrix elements using MadLoop: 
INFO: Generating virtual matrix element with MadLoop for process: g d~ > x0 d~ QCD<=1 QNP<=1 [ all = QCD ] / t (8 / 31) 
INFO: Generating virtual matrix elements using MadLoop: 
INFO: Generating virtual matrix element with MadLoop for process: g s~ > x0 s~ QCD<=1 QNP<=1 [ all = QCD ] / t (9 / 31) 
INFO: Generating virtual matrix elements using MadLoop: 
INFO: Generating virtual matrix element with MadLoop for process: g b > x0 b QCD<=1 QNP<=1 [ all = QCD ] / t (10 / 31) 
INFO: Generating virtual matrix elements using MadLoop: 
INFO: Generating virtual matrix element with MadLoop for process: g b~ > x0 b~ QCD<=1 QNP<=1 [ all = QCD ] / t (11 / 31) 
INFO: Generating virtual matrix elements using MadLoop: 
INFO: Generating virtual matrix element with MadLoop for process: u g > x0 u QCD<=1 QNP<=1 [ all = QCD ] / t (12 / 31) 
INFO: Generating virtual matrix elements using MadLoop: 
INFO: Generating virtual matrix element with MadLoop for process: u u~ > x0 g QCD<=1 QNP<=1 [ all = QCD ] / t (13 / 31) 
INFO: Generating virtual matrix elements using MadLoop: 
INFO: Generating virtual matrix element with MadLoop for process: c g > x0 c QCD<=1 QNP<=1 [ all = QCD ] / t (14 / 31) 
INFO: Generating virtual matrix elements using MadLoop: 
INFO: Generating virtual matrix element with MadLoop for process: c c~ > x0 g QCD<=1 QNP<=1 [ all = QCD ] / t (15 / 31) 
INFO: Generating virtual matrix elements using MadLoop: 
INFO: Generating virtual matrix element with MadLoop for process: d g > x0 d QCD<=1 QNP<=1 [ all = QCD ] / t (16 / 31) 
INFO: Generating virtual matrix elements using MadLoop: 
INFO: Generating virtual matrix element with MadLoop for process: d d~ > x0 g QCD<=1 QNP<=1 [ all = QCD ] / t (17 / 31) 
INFO: Generating virtual matrix elements using MadLoop: 
INFO: Generating virtual matrix element with MadLoop for process: s g > x0 s QCD<=1 QNP<=1 [ all = QCD ] / t (18 / 31) 
INFO: Generating virtual matrix elements using MadLoop: 
INFO: Generating virtual matrix element with MadLoop for process: s s~ > x0 g QCD<=1 QNP<=1 [ all = QCD ] / t (19 / 31) 
INFO: Generating virtual matrix elements using MadLoop: 
INFO: Generating virtual matrix element with MadLoop for process: u~ g > x0 u~ QCD<=1 QNP<=1 [ all = QCD ] / t (20 / 31) 
INFO: Generating virtual matrix elements using MadLoop: 
INFO: Generating virtual matrix element with MadLoop for process: u~ u > x0 g QCD<=1 QNP<=1 [ all = QCD ] / t (21 / 31) 
INFO: Generating virtual matrix elements using MadLoop: 
INFO: Generating virtual matrix element with MadLoop for process: c~ g > x0 c~ QCD<=1 QNP<=1 [ all = QCD ] / t (22 / 31) 
INFO: Generating virtual matrix elements using MadLoop: 
INFO: Generating virtual matrix element with MadLoop for process: c~ c > x0 g QCD<=1 QNP<=1 [ all = QCD ] / t (23 / 31) 
INFO: Generating virtual matrix elements using MadLoop: 
INFO: Generating virtual matrix element with MadLoop for process: d~ g > x0 d~ QCD<=1 QNP<=1 [ all = QCD ] / t (24 / 31) 
INFO: Generating virtual matrix elements using MadLoop: 
INFO: Generating virtual matrix element with MadLoop for process: d~ d > x0 g QCD<=1 QNP<=1 [ all = QCD ] / t (25 / 31) 
INFO: Generating virtual matrix elements using MadLoop: 
INFO: Generating virtual matrix element with MadLoop for process: s~ g > x0 s~ QCD<=1 QNP<=1 [ all = QCD ] / t (26 / 31) 
INFO: Generating virtual matrix elements using MadLoop: 
INFO: Generating virtual matrix element with MadLoop for process: s~ s > x0 g QCD<=1 QNP<=1 [ all = QCD ] / t (27 / 31) 
INFO: Generating virtual matrix elements using MadLoop: 
INFO: Generating virtual matrix element with MadLoop for process: b g > x0 b QCD<=1 QNP<=1 [ all = QCD ] / t (28 / 31) 
INFO: Generating virtual matrix elements using MadLoop: 
INFO: Generating virtual matrix element with MadLoop for process: b b~ > x0 g QCD<=1 QNP<=1 [ all = QCD ] / t (29 / 31) 
INFO: Generating virtual matrix elements using MadLoop: 
INFO: Generating virtual matrix element with MadLoop for process: b~ g > x0 b~ QCD<=1 QNP<=1 [ all = QCD ] / t (30 / 31) 
INFO: Generating virtual matrix elements using MadLoop: 
INFO: Generating virtual matrix element with MadLoop for process: b~ b > x0 g QCD<=1 QNP<=1 [ all = QCD ] / t (31 / 31) 
INFO: Generated 31 subprocesses with 506 real emission diagrams, 34 born diagrams and 510 virtual diagrams 
output /home/u5/proc_ggHj_650_900
INFO: Writing out the aMC@NLO code, using optimized Loops 
INFO: initialize a new directory: proc_ggHj_650_900 
INFO: remove old information in proc_ggHj_650_900 
INFO: Generating real emission matrix-elements... 
INFO: Generating Helas calls for FKS process: g g > x0 g QNP<=1 [ all = QCD ] / t (1 / 31) 
INFO: Processing color information for process: g g > x0 g QNP<=1 [ all = QCD ] / t 
INFO: Generating Helas calls for FKS process: g u > x0 u QNP<=1 [ all = QCD ] / t (2 / 31) 
INFO: Processing color information for process: g u > x0 u QNP<=1 [ all = QCD ] / t 
INFO: Generating Helas calls for FKS process: g c > x0 c QNP<=1 [ all = QCD ] / t (3 / 31) 
INFO: Generating Helas calls for FKS process: g d > x0 d QNP<=1 [ all = QCD ] / t (4 / 31) 
INFO: Generating Helas calls for FKS process: g s > x0 s QNP<=1 [ all = QCD ] / t (5 / 31) 
INFO: Generating Helas calls for FKS process: g u~ > x0 u~ QNP<=1 [ all = QCD ] / t (6 / 31) 
INFO: Processing color information for process: g u~ > x0 u~ QNP<=1 [ all = QCD ] / t 
INFO: Generating Helas calls for FKS process: g c~ > x0 c~ QNP<=1 [ all = QCD ] / t (7 / 31) 
INFO: Generating Helas calls for FKS process: g d~ > x0 d~ QNP<=1 [ all = QCD ] / t (8 / 31) 
INFO: Generating Helas calls for FKS process: g s~ > x0 s~ QNP<=1 [ all = QCD ] / t (9 / 31) 
INFO: Generating Helas calls for FKS process: g b > x0 b QNP<=1 [ all = QCD ] / t (10 / 31) 
INFO: Generating Helas calls for FKS process: g b~ > x0 b~ QNP<=1 [ all = QCD ] / t (11 / 31) 
INFO: Generating Helas calls for FKS process: u g > x0 u QNP<=1 [ all = QCD ] / t (12 / 31) 
INFO: Processing color information for process: u g > x0 u QNP<=1 [ all = QCD ] / t 
INFO: Generating Helas calls for FKS process: u u~ > x0 g QNP<=1 [ all = QCD ] / t (13 / 31) 
INFO: Processing color information for process: u u~ > x0 g QNP<=1 [ all = QCD ] / t 
INFO: Generating Helas calls for FKS process: c g > x0 c QNP<=1 [ all = QCD ] / t (14 / 31) 
INFO: Generating Helas calls for FKS process: c c~ > x0 g QNP<=1 [ all = QCD ] / t (15 / 31) 
INFO: Generating Helas calls for FKS process: d g > x0 d QNP<=1 [ all = QCD ] / t (16 / 31) 
INFO: Generating Helas calls for FKS process: d d~ > x0 g QNP<=1 [ all = QCD ] / t (17 / 31) 
INFO: Generating Helas calls for FKS process: s g > x0 s QNP<=1 [ all = QCD ] / t (18 / 31) 
INFO: Generating Helas calls for FKS process: s s~ > x0 g QNP<=1 [ all = QCD ] / t (19 / 31) 
INFO: Generating Helas calls for FKS process: u~ g > x0 u~ QNP<=1 [ all = QCD ] / t (20 / 31) 
INFO: Processing color information for process: u~ g > x0 u~ QNP<=1 [ all = QCD ] / t 
INFO: Generating Helas calls for FKS process: u~ u > x0 g QNP<=1 [ all = QCD ] / t (21 / 31) 
INFO: Processing color information for process: u~ u > x0 g QNP<=1 [ all = QCD ] / t 
INFO: Generating Helas calls for FKS process: c~ g > x0 c~ QNP<=1 [ all = QCD ] / t (22 / 31) 
INFO: Generating Helas calls for FKS process: c~ c > x0 g QNP<=1 [ all = QCD ] / t (23 / 31) 
INFO: Generating Helas calls for FKS process: d~ g > x0 d~ QNP<=1 [ all = QCD ] / t (24 / 31) 
INFO: Generating Helas calls for FKS process: d~ d > x0 g QNP<=1 [ all = QCD ] / t (25 / 31) 
INFO: Generating Helas calls for FKS process: s~ g > x0 s~ QNP<=1 [ all = QCD ] / t (26 / 31) 
INFO: Generating Helas calls for FKS process: s~ s > x0 g QNP<=1 [ all = QCD ] / t (27 / 31) 
INFO: Generating Helas calls for FKS process: b g > x0 b QNP<=1 [ all = QCD ] / t (28 / 31) 
INFO: Generating Helas calls for FKS process: b b~ > x0 g QNP<=1 [ all = QCD ] / t (29 / 31) 
INFO: Generating Helas calls for FKS process: b~ g > x0 b~ QNP<=1 [ all = QCD ] / t (30 / 31) 
INFO: Generating Helas calls for FKS process: b~ b > x0 g QNP<=1 [ all = QCD ] / t (31 / 31) 
INFO: ... Done 
INFO: Writing files in P0_gg_x0g_no_t (1 / 7) 
INFO: Creating files in directory V0_gg_x0g_no_t 
ALOHA: aloha creates FFV1 set of routines with options: L2
INFO: Computing diagram color coefficients 
INFO: Drawing loop Feynman diagrams for Process: g g > x0 g QCD<=1 QNP<=1 [ all = QCD ] / t 
INFO: Generating born Feynman diagrams for Process: g g > x0 g QCD<=1 QNP<=1 [ all = QCD ] / t 
INFO: Writing files in P0_gu_x0u_no_t (2 / 7) 
INFO: Creating files in directory V0_gu_x0u_no_t 
ALOHA: aloha creates FFV1 set of routines with options: L2
INFO: Computing diagram color coefficients 
INFO: Drawing loop Feynman diagrams for Process: g u > x0 u QCD<=1 QNP<=1 [ all = QCD ] / t 
INFO: Generating born Feynman diagrams for Process: g u > x0 u QCD<=1 QNP<=1 [ all = QCD ] / t 
INFO: Writing files in P0_gux_x0ux_no_t (3 / 7) 
INFO: Creating files in directory V0_gux_x0ux_no_t 
ALOHA: aloha creates FFV1 set of routines with options: L2
INFO: Computing diagram color coefficients 
INFO: Drawing loop Feynman diagrams for Process: g u~ > x0 u~ QCD<=1 QNP<=1 [ all = QCD ] / t 
INFO: Generating born Feynman diagrams for Process: g u~ > x0 u~ QCD<=1 QNP<=1 [ all = QCD ] / t 
INFO: Writing files in P0_ug_x0u_no_t (4 / 7) 
INFO: Creating files in directory V0_ug_x0u_no_t 
ALOHA: aloha creates FFV1 set of routines with options: L2
INFO: Computing diagram color coefficients 
INFO: Drawing loop Feynman diagrams for Process: u g > x0 u QCD<=1 QNP<=1 [ all = QCD ] / t 
INFO: Generating born Feynman diagrams for Process: u g > x0 u QCD<=1 QNP<=1 [ all = QCD ] / t 
INFO: Writing files in P0_uux_x0g_no_t (5 / 7) 
INFO: Creating files in directory V0_uux_x0g_no_t 
ALOHA: aloha creates FFV1 set of routines with options: L2
INFO: Computing diagram color coefficients 
INFO: Drawing loop Feynman diagrams for Process: u u~ > x0 g QCD<=1 QNP<=1 [ all = QCD ] / t 
INFO: Generating born Feynman diagrams for Process: u u~ > x0 g QCD<=1 QNP<=1 [ all = QCD ] / t 
INFO: Writing files in P0_uxg_x0ux_no_t (6 / 7) 
INFO: Creating files in directory V0_uxg_x0ux_no_t 
ALOHA: aloha creates FFV1 set of routines with options: L2
INFO: Computing diagram color coefficients 
INFO: Drawing loop Feynman diagrams for Process: u~ g > x0 u~ QCD<=1 QNP<=1 [ all = QCD ] / t 
INFO: Generating born Feynman diagrams for Process: u~ g > x0 u~ QCD<=1 QNP<=1 [ all = QCD ] / t 
INFO: Writing files in P0_uxu_x0g_no_t (7 / 7) 
INFO: Creating files in directory V0_uxu_x0g_no_t 
ALOHA: aloha creates FFV1 set of routines with options: L2
INFO: Computing diagram color coefficients 
INFO: Drawing loop Feynman diagrams for Process: u~ u > x0 g QCD<=1 QNP<=1 [ all = QCD ] / t 
INFO: Generating born Feynman diagrams for Process: u~ u > x0 g QCD<=1 QNP<=1 [ all = QCD ] / t 
History written to /home/u5/proc_ggHj_650_900/Cards/proc_card_mg5.dat
ALOHA: aloha creates FFS11 routines
ALOHA: aloha creates VVS10 routines
ALOHA: aloha creates FFV1 routines
ALOHA: aloha creates VVVV4 routines
ALOHA: aloha creates GHGHG set of routines with options: L2
ALOHA: aloha creates VVV1 routines
ALOHA: aloha creates VVVV1 routines
ALOHA: aloha creates R2_GG_2 routines
ALOHA: aloha creates R2_GG_1 routines
ALOHA: aloha creates VVVS2 routines
ALOHA: aloha creates VVVS1 routines
ALOHA: aloha creates VVVVS3 routines
ALOHA: aloha creates VVVV3 routines
ALOHA: aloha creates VVVVS1 routines
ALOHA: aloha creates FFVS1 routines
ALOHA: aloha creates VVS3 routines
ALOHA: aloha creates VVS2 routines
ALOHA: aloha creates VVVVS2 routines
ALOHA: aloha creates VVVS1_2 routines
ALOHA: aloha creates R2_GG_1_R2_GG_2 routines
ALOHA: aloha creates VVS2_10 routines
ALOHA: aloha creates VVS3_10 routines
save configuration file to /home/u5/proc_ggHj_650_900/Cards/amcatnlo_configuration.txt
INFO: Use Fortran compiler gfortran 
INFO: Use c++ compiler g++ 
INFO: Generate jpeg diagrams 
INFO: Generate web pages 
INFO: Generating MadAnalysis5 default cards tailored to this process 
INFO: Cards created in 1.03s 
Type "launch" to generate events from this process, or see
/home/u5/proc_ggHj_650_900/README
Run "open index.html" to see more information about this process.
launch /home/u5/proc_ggHj_650_900
INFO: ************************************************************
*                                                          *
*           W E L C O M E  to  M A D G R A P H 5           *
*                       a M C @ N L O                      *
*                                                          *
*                 *                       *                *
*                   *        * *        *                  *
*                     * * * * 5 * * * *                    *
*                   *        * *        *                  *
*                 *                       *                *
*                                                          *
*         VERSION 2.7.3                 2020-06-21         *
*                                                          *
*    The MadGraph5_aMC@NLO Development Team - Find us at   *
*                 http://amcatnlo.cern.ch                  *
*                                                          *
*               Type 'help' for in-line help.              *
*                                                          *
************************************************************ 
INFO: load configuration from /home/u5/proc_ggHj_650_900/Cards/amcatnlo_configuration.txt  
INFO: load configuration from /root/MG5_aMC_v2_7_3/input/mg5_configuration.txt  
INFO: load configuration from /home/u5/proc_ggHj_650_900/Cards/amcatnlo_configuration.txt  
Using default text editor "vi". Set another one in ./input/mg5_configuration.txt
No valid eps viewer found. Please set in ./input/mg5_configuration.txt
No valid web browser found. Please set in ./input/mg5_configuration.txt
launch auto 
The following switches determine which programs are run:
/=============================================================================\
1. Type of perturbative computation         [1m      order[0m = [32mNLO[0m         
2. No MC@[N]LO matching / event generation  [1mfixed_order[0m = [32mOFF[0m         
3. Shower the generated events              [1m     shower[0m = [32mHERWIG6[0m     
4. Decay onshell particles                  [1m    madspin[0m = [31mOFF[0m         
5. Add weights to events for new hypp.      [1m   reweight[0m = [31mOFF[0m         
6. Run MadAnalysis5 on the events generated [1mmadanalysis[0m = [31mOFF[0m         
\=============================================================================/
Either type the switch number (1 to 6) to change its setting,
Set any switch explicitly (e.g. type 'fixed_order=ON' at the prompt)
Type 'help' for the list of all valid option
Type '0', 'auto', 'done' or just press enter when you are done.
The following switches determine which programs are run:
/=============================================================================\
1. Type of perturbative computation         [1m      order[0m = [32mNLO[0m         
2. No MC@[N]LO matching / event generation  [1mfixed_order[0m = [32mOFF[0m         
3. Shower the generated events              [1m     shower[0m = [32mHERWIG6[0m     
4. Decay onshell particles                  [1m    madspin[0m = [31mOFF[0m         
5. Add weights to events for new hypp.      [1m   reweight[0m = [31mOFF[0m         
6. Run MadAnalysis5 on the events generated [1mmadanalysis[0m = [31mOFF[0m         
\=============================================================================/
Either type the switch number (1 to 6) to change its setting,
Set any switch explicitly (e.g. type 'fixed_order=ON' at the prompt)
Type 'help' for the list of all valid option
Type '0', 'auto', 'done' or just press enter when you are done.
INFO: will run in mode: noshower 
[1;34mWARNING: You have chosen not to run a parton shower.
    NLO events without showering are NOT physical.
    Please, shower the LesHouches events before using them for physics analyses.
    You have to choose NOW which parton-shower you WILL use and specify it in the run_card. [0m
set run_card nevents 100000
[1mINFO: modify parameter nevents of the run_card.dat to 100000 [0m
set run_card ebeam1 7000.0
[1mINFO: modify parameter ebeam1 of the run_card.dat to 7000.0 [0m
set run_card ebeam2 7000.0
[1mINFO: modify parameter ebeam2 of the run_card.dat to 7000.0 [0m
set parton_shower PYTHIA8
[1mINFO: modify parameter parton_shower of the run_card.dat to PYTHIA8 [0m
set pdlabel lhapdf
[1mINFO: modify parameter pdlabel of the run_card.dat to lhapdf [0m
set lhaid 91500 
[1mINFO: modify parameter lhaid of the run_card.dat to [91500] [0m
set pt_min_pdg {25:650}
[1mINFO: modify parameter pt_min_pdg of the run_card.dat to {'25': 650.0} [0m
set pt_max_pdg {25:900}
[1mINFO: modify parameter pt_max_pdg of the run_card.dat to {'25': 900.0} [0m
Do you want to edit a card (press enter to bypass editing)?
/------------------------------------------------------------\
|  [31m1[0m. param : [32mparam_card.dat[0m                                 |
|  [31m2[0m. run   : [32mrun_card.dat[0m                                   |
\------------------------------------------------------------/
 you can also
   - enter the path to a valid card or banner.
   - use the 'set' command to modify a parameter directly.
     The set option works only for param_card and run_card.
     Type 'help set' for more information on this command.
   - call an external program (ASperGE/MadWidth/...).
     Type 'help' for the list of available command
 [[4m0[0m, done, 1, param, 2, run, enter path]
[1mThe answer to the previous question is not set in your input file[0m
[1mUse 0 value[0m
INFO: Update the dependent parameter of the param_card.dat 
INFO: Starting run 
INFO: Compiling the code 
INFO: Using LHAPDF v6.3.0 interface for PDFs 
INFO: Compiling source... 
INFO:           ...done, continuing with P* directories 
INFO: Compiling directories... 
INFO: Compiling on 80 cores 
INFO:  Compiling P0_gg_x0g_no_t... 
INFO:  Compiling P0_gux_x0ux_no_t... 
INFO:  Compiling P0_gu_x0u_no_t... 
INFO:  Compiling P0_ug_x0u_no_t... 
INFO:  Compiling P0_uux_x0g_no_t... 
INFO:  Compiling P0_uxg_x0ux_no_t... 
INFO:  Compiling P0_uxu_x0g_no_t... 
INFO:     P0_uux_x0g_no_t done. 
INFO:     P0_uxu_x0g_no_t done. 
INFO:     P0_ug_x0u_no_t done. 
INFO:     P0_uxg_x0ux_no_t done. 
INFO:     P0_gux_x0ux_no_t done. 
INFO:     P0_gu_x0u_no_t done. 
INFO:     P0_gg_x0g_no_t done. 
INFO: Checking test output: 
INFO: P0_gg_x0g_no_t 
INFO:  Result for test_ME: 
INFO:    Passed. 
INFO:  Result for test_MC: 
INFO:    Passed. 
INFO:  Result for check_poles: 
INFO:    Poles successfully cancel for 20 points over 20 (tolerance=1.0e-05) 
INFO: P0_gu_x0u_no_t 
INFO:  Result for test_ME: 
INFO:    Passed. 
INFO:  Result for test_MC: 
INFO:    Passed. 
INFO:  Result for check_poles: 
INFO:    Poles successfully cancel for 20 points over 20 (tolerance=1.0e-05) 
INFO: P0_gux_x0ux_no_t 
INFO:  Result for test_ME: 
INFO:    Passed. 
INFO:  Result for test_MC: 
INFO:    Passed. 
INFO:  Result for check_poles: 
INFO:    Poles successfully cancel for 20 points over 20 (tolerance=1.0e-05) 
INFO: P0_ug_x0u_no_t 
INFO:  Result for test_ME: 
INFO:    Passed. 
INFO:  Result for test_MC: 
INFO:    Passed. 
INFO:  Result for check_poles: 
INFO:    Poles successfully cancel for 20 points over 20 (tolerance=1.0e-05) 
INFO: P0_uux_x0g_no_t 
INFO:  Result for test_ME: 
INFO:    Passed. 
INFO:  Result for test_MC: 
INFO:    Passed. 
INFO:  Result for check_poles: 
INFO:    Poles successfully cancel for 20 points over 20 (tolerance=1.0e-05) 
INFO: P0_uxg_x0ux_no_t 
INFO:  Result for test_ME: 
INFO:    Passed. 
INFO:  Result for test_MC: 
INFO:    Passed. 
INFO:  Result for check_poles: 
INFO:    Poles successfully cancel for 20 points over 20 (tolerance=1.0e-05) 
INFO: P0_uxu_x0g_no_t 
INFO:  Result for test_ME: 
INFO:    Passed. 
INFO:  Result for test_MC: 
INFO:    Passed. 
INFO:  Result for check_poles: 
INFO:    Poles successfully cancel for 20 points over 20 (tolerance=1.0e-05) 
INFO: Starting run 
INFO: Using 80 cores 
INFO: Cleaning previous results 
INFO: Generating events without running the shower. 
INFO: Setting up grids 
INFO:  Idle: 0,  Running: 9,  Completed: 0 [ current time: 14h22 ] 
INFO:  Idle: 0,  Running: 8,  Completed: 1 [  12.3s  ] 
INFO:  Idle: 0,  Running: 7,  Completed: 2 [  18.5s  ] 
INFO:  Idle: 0,  Running: 6,  Completed: 3 [  19.5s  ] 
INFO:  Idle: 0,  Running: 5,  Completed: 4 [  19.8s  ] 
INFO:  Idle: 0,  Running: 4,  Completed: 5 [  19.8s  ] 
INFO:  Idle: 0,  Running: 3,  Completed: 6 [  20s  ] 
INFO:  Idle: 0,  Running: 1,  Completed: 8 [  21.1s  ] 
INFO:  Idle: 0,  Running: 0,  Completed: 9 [  41.4s  ] 
INFO: Determining the number of unweighted events per channel

      Intermediate results:
      Random seed: 33
      Total cross section:      9.230e-03 +- 1.3e-04 pb
      Total abs(cross section): 1.611e-02 +- 1.7e-04 pb 

 
INFO: Computing upper envelope 
INFO:  Idle: 0,  Running: 9,  Completed: 0 [ current time: 14h22 ] 
INFO:  Idle: 0,  Running: 8,  Completed: 1 [  8.2s  ] 
INFO:  Idle: 0,  Running: 7,  Completed: 2 [  11s  ] 
INFO:  Idle: 0,  Running: 6,  Completed: 3 [  11.3s  ] 
INFO:  Idle: 0,  Running: 5,  Completed: 4 [  11.3s  ] 
INFO:  Idle: 0,  Running: 4,  Completed: 5 [  11.6s  ] 
INFO:  Idle: 0,  Running: 3,  Completed: 6 [  54.8s  ] 
INFO:  Idle: 0,  Running: 2,  Completed: 7 [  1m 34s  ] 
INFO:  Idle: 0,  Running: 1,  Completed: 8 [  1m 35s  ] 
INFO:  Idle: 0,  Running: 0,  Completed: 9 [  1m 49s  ] 
INFO: Updating the number of unweighted events per channel

      Intermediate results:
      Random seed: 33
      Total cross section:      9.076e-03 +- 3.3e-05 pb
      Total abs(cross section): 1.626e-02 +- 3.9e-05 pb 

 
INFO: Generating events 
INFO:  Idle: 0,  Running: 9,  Completed: 0 [ current time: 14h24 ] 
INFO:  Idle: 0,  Running: 8,  Completed: 1 [  3.5s  ] 
INFO:  Idle: 0,  Running: 7,  Completed: 2 [  5.4s  ] 
INFO:  Idle: 0,  Running: 6,  Completed: 3 [  11.9s  ] 
INFO:  Idle: 0,  Running: 5,  Completed: 4 [  12.1s  ] 
INFO:  Idle: 0,  Running: 4,  Completed: 5 [  12.5s  ] 
INFO:  Idle: 0,  Running: 3,  Completed: 6 [  3m 18s  ] 
INFO:  Idle: 0,  Running: 2,  Completed: 7 [  3m 22s  ] 
INFO:  Idle: 0,  Running: 1,  Completed: 8 [  3m 26s  ] 
INFO:  Idle: 0,  Running: 0,  Completed: 9 [  4m 9s  ] 
INFO:    Doing reweight 
INFO:  Idle: 0,  Running: 8,  Completed: 1 [ current time: 14h28 ] 
INFO:  Idle: 0,  Running: 4,  Completed: 5 [  0.22s  ] 
INFO:  Idle: 0,  Running: 3,  Completed: 6 [  6.8s  ] 
INFO:  Idle: 0,  Running: 2,  Completed: 7 [  6.8s  ] 
INFO:  Idle: 0,  Running: 0,  Completed: 9 [  7.6s  ] 
INFO: Collecting events 
INFO: 
   --------------------------------------------------------------
      Summary:
      Process p p > x0 j /t[QCD]
      Run at p-p collider (7000.0 + 7000.0 GeV)
      Number of events generated: 100000
      Total cross section: 9.076e-03 +- 3.3e-05 pb
   --------------------------------------------------------------
      Scale variation (computed from LHE events):
          Dynamical_scale_choice -1 (envelope of 9 values): 
              9.306e-03 pb  +20.4% -18.7%
   --------------------------------------------------------------
 
INFO: The /home/u5/proc_ggHj_650_900/Events/run_01/events.lhe.gz file has been generated.
 
INFO: Events generated 
reweight -from_cards
decay_events -from_cards
[1;34mWARNING: You have chosen not to run a parton shower. NLO events without showering are NOT physical.
Please, shower the Les Houches events before using them for physics analyses. [0m
INFO:  
quit
INFO:  
quit
