Start Running
i=2
2021 Aug 08
08:32:24 PM
ggH pt 250 GeV ~ 500 GeV
stty: 'standard input': Inappropriate ioctl for device
ppjj pt 250 GeV ~ 500 GeV
stty: 'standard input': Inappropriate ioctl for device
ggH pt 650 GeV ~ 900 GeV
stty: 'standard input': Inappropriate ioctl for device
ppjj pt 450 GeV ~ 700 GeV
stty: 'standard input': Inappropriate ioctl for device
ggH pt 50 GeV ~ 900 GeV
stty: 'standard input': Inappropriate ioctl for device
ppjj pt 650 GeV ~ 900 GeV
stty: 'standard input': Inappropriate ioctl for device
ggH pt 850 GeV ~ 1100 GeV
stty: 'standard input': Inappropriate ioctl for device
ppjj pt 850 GeV ~ 1100 GeV
stty: 'standard input': Inappropriate ioctl for device
2021 Aug 08
09:05:33 PM
i=3
2021 Aug 08
09:05:33 PM
ggH pt 250 GeV ~ 500 GeV
stty: 'standard input': Inappropriate ioctl for device
ppjj pt 250 GeV ~ 500 GeV
stty: 'standard input': Inappropriate ioctl for device
ggH pt 650 GeV ~ 900 GeV
stty: 'standard input': Inappropriate ioctl for device
ppjj pt 450 GeV ~ 700 GeV
stty: 'standard input': Inappropriate ioctl for device
ggH pt 50 GeV ~ 900 GeV
stty: 'standard input': Inappropriate ioctl for device
ppjj pt 650 GeV ~ 900 GeV
stty: 'standard input': Inappropriate ioctl for device
ggH pt 850 GeV ~ 1100 GeV
stty: 'standard input': Inappropriate ioctl for device
ppjj pt 850 GeV ~ 1100 GeV
stty: 'standard input': Inappropriate ioctl for device
2021 Aug 08
09:39:26 PM
i=4
2021 Aug 08
09:39:26 PM
ggH pt 250 GeV ~ 500 GeV
stty: 'standard input': Inappropriate ioctl for device
ppjj pt 250 GeV ~ 500 GeV
stty: 'standard input': Inappropriate ioctl for device
ggH pt 650 GeV ~ 900 GeV
stty: 'standard input': Inappropriate ioctl for device
ppjj pt 450 GeV ~ 700 GeV
stty: 'standard input': Inappropriate ioctl for device
ggH pt 50 GeV ~ 900 GeV
stty: 'standard input': Inappropriate ioctl for device
ppjj pt 650 GeV ~ 900 GeV
stty: 'standard input': Inappropriate ioctl for device
ggH pt 850 GeV ~ 1100 GeV
stty: 'standard input': Inappropriate ioctl for device
ppjj pt 850 GeV ~ 1100 GeV
stty: 'standard input': Inappropriate ioctl for device
2021 Aug 08
10:16:55 PM
i=5
2021 Aug 08
10:16:55 PM
ggH pt 250 GeV ~ 500 GeV
stty: 'standard input': Inappropriate ioctl for device
ppjj pt 250 GeV ~ 500 GeV
stty: 'standard input': Inappropriate ioctl for device
ggH pt 650 GeV ~ 900 GeV
stty: 'standard input': Inappropriate ioctl for device
ppjj pt 450 GeV ~ 700 GeV
stty: 'standard input': Inappropriate ioctl for device
ggH pt 50 GeV ~ 900 GeV
stty: 'standard input': Inappropriate ioctl for device
