************************************************************
*                                                          *
*                     W E L C O M E to                     *
*              M A D G R A P H 5 _ a M C @ N L O           *
*                                                          *
*                                                          *
*                 *                       *                *
*                   *        * *        *                  *
*                     * * * * 5 * * * *                    *
*                   *        * *        *                  *
*                 *                       *                *
*                                                          *
*         VERSION 2.7.3                 2020-06-21         *
*                                                          *
*    The MadGraph5_aMC@NLO Development Team - Find us at   *
*    https://server06.fynu.ucl.ac.be/projects/madgraph     *
*                            and                           *
*            http://amcatnlo.web.cern.ch/amcatnlo/         *
*                                                          *
*               Type 'help' for in-line help.              *
*           Type 'tutorial' to learn how MG5 works         *
*    Type 'tutorial aMCatNLO' to learn how aMC@NLO works   *
*    Type 'tutorial MadLoop' to learn how MadLoop works    *
*                                                          *
************************************************************
load MG5 configuration from ../../../../../root/MG5_aMC_v2_7_3/input/mg5_configuration.txt 
set collier to /root/MG5_aMC_v2_7_3/HEPTools/collier
set fastjet to /root/FASTJET_3_3_4/bin/fastjet-config
set lhapdf to /root/LHAPDF_6_3_0/bin/lhapdf-config
set ninja to /root/MG5_aMC_v2_7_3/HEPTools/lib
Using default text editor "vi". Set another one in ./input/mg5_configuration.txt
No valid eps viewer found. Please set in ./input/mg5_configuration.txt
No valid web browser found. Please set in ./input/mg5_configuration.txt
import /home/alan/ML_Analysis/Universality_Boosetd_Higgs/Cards/proc_ggH.txt
The import format was not given, so we guess it as command
import model HC_NLO_X0_UFO-heft
[1;60mINFO: Please read carefully the README of the model file for instructions/restrictions of the model. [0m
INFO: Restrict model HC_NLO_X0_UFO with file ../../../../../root/MG5_aMC_v2_7_3/models/HC_NLO_X0_UFO/restrict_heft.dat . 
INFO: Run "set stdout_level DEBUG" before import for more information. 
INFO: Change particles name to pass to MG5 convention 
Defined multiparticle p = g u c d s u~ c~ d~ s~
Defined multiparticle j = g u c d s u~ c~ d~ s~
Defined multiparticle l+ = e+ mu+
Defined multiparticle l- = e- mu-
Defined multiparticle vl = ve vm vt
Defined multiparticle vl~ = ve~ vm~ vt~
[1;34mPass the definition of 'j' and 'p' to 5 flavour scheme.[0m
Defined multiparticle all = g gh gh~ d u s c b d~ u~ s~ c~ b~ a ve vm vt e- mu- ve~ vm~ vt~ e+ mu+ t t~ z w+ x0 w- ta- ta+
generate p p > x0 /t [QCD] @0
INFO: Generating FKS-subtracted matrix elements for born process: g g > x0 QNP<=1 [ all = QCD ] / t (1 / 1) 
INFO: Generating virtual matrix elements using MadLoop: 
INFO: Generating virtual matrix element with MadLoop for process: g g > x0 QNP<=1 [ all = QCD ] / t (1 / 1) 
INFO: Generated 1 subprocesses with 24 real emission diagrams, 1 born diagrams and 4 virtual diagrams 
output /home/u5/proc_ggH
INFO: Writing out the aMC@NLO code, using optimized Loops 
INFO: directory /home/u5/proc_ggH already exists.
If you continue this directory will be deleted and replaced.
Do you want to continue? [[4my[0m, n]
[1;34mfound line : launch /home/u5/proc_ggH[0m
[1;34mThis answer is not valid for current question. Keep it for next question and use here default: y[0m
INFO: initialize a new directory: proc_ggH 
INFO: remove old information in proc_ggH 
INFO: Generating real emission matrix-elements... 
INFO: Generating Helas calls for FKS process: g g > x0 QNP<=1 [ all = QCD ] / t (1 / 1) 
INFO: Processing color information for process: g g > x0 QNP<=1 [ all = QCD ] / t 
INFO: ... Done 
INFO: Writing files in P0_gg_x0_no_t (1 / 1) 
INFO: Creating files in directory V0_gg_x0_no_t 
ALOHA: aloha creates VVV1 set of routines with options: L2,P0
INFO: Computing diagram color coefficients 
INFO: Drawing loop Feynman diagrams for Process: g g > x0 QNP<=1 [ all = QCD ] / t 
INFO: Generating born Feynman diagrams for Process: g g > x0 QNP<=1 [ all = QCD ] / t 
History written to /home/u5/proc_ggH/Cards/proc_card_mg5.dat
ALOHA: aloha creates VVS10 routines
ALOHA: aloha creates VVV1 routines
ALOHA: aloha creates VVVV4 set of routines with options: L2,P0
ALOHA: aloha creates FFV1 routines
ALOHA: aloha creates VVVS2 routines
ALOHA: aloha creates VVVS1 routines
ALOHA: aloha creates VVS3 routines
ALOHA: aloha creates VVS2 routines
ALOHA: aloha creates VVVS1_2 routines
ALOHA: aloha creates VVS2_10 routines
ALOHA: aloha creates VVS3_10 routines
save configuration file to /home/u5/proc_ggH/Cards/amcatnlo_configuration.txt
INFO: Use Fortran compiler gfortran 
INFO: Use c++ compiler g++ 
INFO: Generate jpeg diagrams 
INFO: Generate web pages 
INFO: Generating MadAnalysis5 default cards tailored to this process 
Type "launch" to generate events from this process, or see
/home/u5/proc_ggH/README
Run "open index.html" to see more information about this process.
launch /home/u5/proc_ggH
INFO: ************************************************************
*                                                          *
*           W E L C O M E  to  M A D G R A P H 5           *
*                       a M C @ N L O                      *
*                                                          *
*                 *                       *                *
*                   *        * *        *                  *
*                     * * * * 5 * * * *                    *
*                   *        * *        *                  *
*                 *                       *                *
*                                                          *
*         VERSION 2.7.3                 2020-06-21         *
*                                                          *
*    The MadGraph5_aMC@NLO Development Team - Find us at   *
*                 http://amcatnlo.cern.ch                  *
*                                                          *
*               Type 'help' for in-line help.              *
*                                                          *
************************************************************ 
INFO: load configuration from /home/u5/proc_ggH/Cards/amcatnlo_configuration.txt  
INFO: load configuration from /root/MG5_aMC_v2_7_3/input/mg5_configuration.txt  
INFO: load configuration from /home/u5/proc_ggH/Cards/amcatnlo_configuration.txt  
Using default text editor "vi". Set another one in ./input/mg5_configuration.txt
No valid eps viewer found. Please set in ./input/mg5_configuration.txt
No valid web browser found. Please set in ./input/mg5_configuration.txt
launch auto 
The following switches determine which programs are run:
/=============================================================================\
1. Type of perturbative computation         [1m      order[0m = [32mNLO[0m         
2. No MC@[N]LO matching / event generation  [1mfixed_order[0m = [32mOFF[0m         
3. Shower the generated events              [1m     shower[0m = [32mHERWIG6[0m     
4. Decay onshell particles                  [1m    madspin[0m = [31mOFF[0m         
5. Add weights to events for new hypp.      [1m   reweight[0m = [31mOFF[0m         
6. Run MadAnalysis5 on the events generated [1mmadanalysis[0m = [31mOFF[0m         
\=============================================================================/
Either type the switch number (1 to 6) to change its setting,
Set any switch explicitly (e.g. type 'fixed_order=ON' at the prompt)
Type 'help' for the list of all valid option
Type '0', 'auto', 'done' or just press enter when you are done.
The following switches determine which programs are run:
/=============================================================================\
1. Type of perturbative computation         [1m      order[0m = [32mNLO[0m         
2. No MC@[N]LO matching / event generation  [1mfixed_order[0m = [32mOFF[0m         
3. Shower the generated events              [1m     shower[0m = [32mHERWIG6[0m     
4. Decay onshell particles                  [1m    madspin[0m = [31mOFF[0m         
5. Add weights to events for new hypp.      [1m   reweight[0m = [31mOFF[0m         
6. Run MadAnalysis5 on the events generated [1mmadanalysis[0m = [31mOFF[0m         
\=============================================================================/
Either type the switch number (1 to 6) to change its setting,
Set any switch explicitly (e.g. type 'fixed_order=ON' at the prompt)
Type 'help' for the list of all valid option
Type '0', 'auto', 'done' or just press enter when you are done.
[1;34mfound line : detector=OFF[0m
[1;34mThis answer is not valid for current question. Keep it for next question and use here default: EOF[0m
INFO: will run in mode: noshower 
[1;34mWARNING: You have chosen not to run a parton shower.
    NLO events without showering are NOT physical.
    Please, shower the LesHouches events before using them for physics analyses.
    You have to choose NOW which parton-shower you WILL use and specify it in the run_card. [0m
Do you want to edit a card (press enter to bypass editing)?
/------------------------------------------------------------\
|  [31m1[0m. param : [32mparam_card.dat[0m                                 |
|  [31m2[0m. run   : [32mrun_card.dat[0m                                   |
\------------------------------------------------------------/
 you can also
   - enter the path to a valid card or banner.
   - use the 'set' command to modify a parameter directly.
     The set option works only for param_card and run_card.
     Type 'help set' for more information on this command.
   - call an external program (ASperGE/MadWidth/...).
     Type 'help' for the list of available command
 [[4m0[0m, done, 1, param, 2, run, enter path]
[1;34mfound line : detector=OFF[0m
[1;34mThis answer is not valid for current question. Keep it for next question and use here default: 0[0m
INFO: Update the dependent parameter of the param_card.dat 
INFO: Starting run 
INFO: Compiling the code 
INFO: Using built-in libraries for PDFs 
INFO: Compiling source... 
INFO:           ...done, continuing with P* directories 
INFO: Compiling directories... 
INFO: Compiling on 80 cores 
INFO:  Compiling P0_gg_x0_no_t... 
INFO:     P0_gg_x0_no_t done. 
INFO: Checking test output: 
INFO: P0_gg_x0_no_t 
INFO:  Result for test_ME: 
INFO:    Passed. 
INFO:  Result for test_MC: 
INFO:    Passed. 
INFO:  Result for check_poles: 
INFO:    Poles successfully cancel for 20 points over 20 (tolerance=1.0e-05) 
INFO: Starting run 
INFO: Using 80 cores 
INFO: Cleaning previous results 
INFO: Generating events without running the shower. 
INFO: Setting up grids 
INFO:  Idle: 0,  Running: 0,  Completed: 1 [ current time: 14h53 ] 
INFO: Determining the number of unweighted events per channel

      Intermediate results:
      Random seed: 33
      Total cross section:      3.192e+01 +- 3.7e-01 pb
      Total abs(cross section): 3.947e+01 +- 7.1e-01 pb 

 
INFO: Computing upper envelope 
INFO:  Idle: 0,  Running: 0,  Completed: 1 [ current time: 14h53 ] 
INFO: Updating the number of unweighted events per channel

      Intermediate results:
      Random seed: 33
      Total cross section:      3.229e+01 +- 2.0e-01 pb
      Total abs(cross section): 3.939e+01 +- 2.9e-01 pb 

 
INFO: Generating events 
INFO:  Idle: 0,  Running: 1,  Completed: 0 [ current time: 14h53 ] 
INFO:  Idle: 0,  Running: 0,  Completed: 1 [  5.7s  ] 
INFO:    Doing reweight 
INFO:  Idle: 0,  Running: 1,  Completed: 0 [ current time: 14h54 ] 
INFO:  Idle: 0,  Running: 0,  Completed: 1 [  2.4s  ] 
INFO: Collecting events 
INFO: 
   --------------------------------------------------------------
      Summary:
      Process p p > x0 /t [QCD] @0
      Run at p-p collider (6500.0 + 6500.0 GeV)
      Number of events generated: 10000
      Total cross section: 3.229e+01 +- 2.0e-01 pb
   --------------------------------------------------------------
      Scale variation (computed from LHE events):
          Dynamical_scale_choice -1 (envelope of 9 values): 
              3.187e+01 pb  +19.3% -17.6%
   --------------------------------------------------------------
 
INFO: The /home/u5/proc_ggH/Events/run_01/events.lhe.gz file has been generated.
 
INFO: Events generated 
reweight -from_cards
decay_events -from_cards
[1;34mWARNING: You have chosen not to run a parton shower. NLO events without showering are NOT physical.
Please, shower the Les Houches events before using them for physics analyses. [0m
INFO:  
quit
INFO:  
detector=OFF
[1;34mCommand "detector=OFF" not recognized, please try again[0m
analysis=OFF
[1;34mCommand "analysis=OFF" not recognized, please try again[0m
madspin=OFF
[1;34mCommand "madspin=OFF" not recognized, please try again[0m
set run_card nevents 100000
[1;34m-- set options for generation or output.[0m
[1msyntax: set <option_name> <option_value>[0m
Possible options are: 
[1;32mgroup_subprocesses,ignore_six_quark_processes,stdout_level[0m
[1;32mfortran_compiler,cpp_compiler,loop_optimized_output[0m
[1;32mcomplex_mass_scheme,gauge,EWscheme[0m
Details of each option:
[1;32mgroup_subprocesses True/False/Auto: [0m
 > (default Auto) Smart grouping of subprocesses into 
   directories, mirroring of initial states, and 
   combination of integration channels.
[1m > Example: p p > j j j w+ gives 5 directories and 184 channels[0m
[1m   (cf. 65 directories and 1048 channels for regular output)[0m
 > Auto means False for decay computation and True for collisions.
[1;32mignore_six_quark_processes multi_part_label[0m
 > (default none) ignore processes with at least 6 of any
   of the quarks given in multi_part_label.
 > These processes give negligible contribution to the
   cross section but have subprocesses/channels.
[1;32mstdout_level DEBUG|INFO|WARNING|ERROR|CRITICAL[0m
 > change the default level for printed information
[1;32mfortran_compiler NAME[0m
 > (default None) Force a specific fortran compiler.
   If None, it tries first g77 and if not present gfortran
   but loop output use gfortran.
[1;32mloop_optimized_output True|False[0m
 > Exploits the open loop thechnique for considerable
   improvement.
 > CP relations among helicites are detected and the helicity
   filter has more potential.
[1;32mloop_color_flows True|False[0m
 > Only relevant for the loop optimized output.
 > Reduces the loop diagrams at the amplitude level
   rendering possible the computation of the loop amplitude
   for a fixed color flow or color configuration.
 > This option can considerably slow down the loop ME
   computation time, especially when summing over all color
   and helicity configuration, hence turned off by default.
[1;32mgauge unitary|Feynman[0m
 > (default unitary) choose the gauge of the non QCD part.
 > For loop processes, only Feynman gauge is employable.
[1;32mcomplex_mass_scheme True|False[0m
 > (default False) Set complex mass scheme.
 > Complex mass scheme is not yet supported for loop processes.
[1;32mtimeout VALUE[0m
 > (default 20) Seconds allowed to answer questions.
 > Note that pressing tab always stops the timer.
[1;32mcluster_temp_path PATH[0m
 > (default None) [Used in Madevent Output]
 > Allow to perform the run in PATH directory
 > This allow to not run on the central disk. 
 > This is not used by condor cluster (since condor has
   its own way to prevent it).
[1;32mmg5amc_py8_interface_path PATH[0m
 > Necessary when showering events with Pythia8 from Madevent.
[1;32mOLP ProgramName[0m
 > (default 'MadLoop') [Used for virtual generation]
 > Chooses what One-Loop Program to use for the virtual
 > matrix element generation via the BLAH accord.
[1;32moutput_dependencies <mode>[0m
 > (default 'external') [Use for NLO outputs]
 > Choses how the external dependences (such as CutTools)
 > of NLO outputs are handled. Possible values are:
     o external: Some of the libraries the output depends
       on are links to their installation in MG5 root dir.
     o internal: All libraries the output depends on are
       copied and compiled locally in the output directory.
     o environment_paths: The location of all libraries the 
       output depends on should be found in your env. paths.
[1;34mcommand not executed: set run_card ebeam1 7000.0[0m
[1;34mcommand not executed: set run_card ebeam2 7000.0[0m
[1;34mcommand not executed: [0m
[1;34mcommand not executed: set pdlabel lhapdf[0m
[1;34mcommand not executed: set lhaid 91500 #PDF4LHC15_nnlo_mc[0m
[1;34mcommand not executed: [0m
[1;34mcommand not executed: set pt_min_pdg {25:250}[0m
[1;34mcommand not executed: set pt_max_pdg {25:500}[0m
quit
